<?xml version="1.0" encoding="UTF-8"?>
<!-- Generated by org.testng.reporters.JUnitReportReporter -->
<testsuite hostname="LTIN518286" failures="0" tests="1" name="testCase.TC_002_AroundCognizant" time="5.398" errors="0" timestamp="2024-03-29T18:07:52 IST" skipped="0">
  <testcase classname="testCase.TC_002_AroundCognizant" name="verifyAroundCognizant" time="5.398"/>
  <system-out/>
</testsuite> <!-- testCase.TC_002_AroundCognizant -->
