<?xml version="1.0" encoding="UTF-8"?>
<!-- Generated by org.testng.reporters.JUnitReportReporter -->
<testsuite hostname="LTIN518286" failures="0" tests="1" name="testCase.TC_03_SeeAll" time="15.471" errors="0" timestamp="2024-03-29T17:27:50 IST" skipped="0">
  <testcase classname="testCase.TC_03_SeeAll" name="seeAll" time="15.471"/>
  <system-out/>
</testsuite> <!-- testCase.TC_03_SeeAll -->
