<?xml version="1.0" encoding="UTF-8"?>
<!-- Generated by org.testng.reporters.JUnitReportReporter -->
<testsuite hostname="LTIN518286" failures="0" tests="1" name="testCase.TC_04_NewsDesc" time="216.652" errors="0" timestamp="2024-03-29T14:04:53 IST" skipped="0">
  <testcase classname="testCase.TC_04_NewsDesc" name="newsDetails" time="216.652"/>
  <system-out/>
</testsuite> <!-- testCase.TC_04_NewsDesc -->
