<?xml version="1.0" encoding="UTF-8"?>
<!-- Generated by org.testng.reporters.JUnitReportReporter -->
<testsuite hostname="LTIN518286" failures="0" tests="4" name="testCase.TC_001_UserInfo" time="144.100" errors="0" timestamp="2024-03-29T18:23:45 IST" skipped="0">
  <testcase classname="testCase.TC_001_UserInfo" name="verifyAcc" time="20.222"/>
  <system-out/>
  <testcase classname="testCase.TC_001_UserInfo" name="verifyAroundCognizant" time="5.236"/>
  <system-out/>
  <testcase classname="testCase.TC_001_UserInfo" name="seeAll" time="15.322"/>
  <system-out/>
  <testcase classname="testCase.TC_001_UserInfo" name="newsDetails" time="103.320"/>
  <system-out/>
</testsuite> <!-- testCase.TC_001_UserInfo -->
