<?xml version="1.0" encoding="UTF-8"?>
<!-- Generated by org.testng.reporters.JUnitReportReporter -->
<testsuite hostname="LTIN518286" failures="0" tests="8" name="testCase.TC_001_AroundCognizant" time="358.885" errors="0" timestamp="2024-04-02T12:40:23 IST" skipped="0">
  <testcase classname="testCase.TC_001_AroundCognizant" name="verifyAcc" time="20.313"/>
  <system-out/>
  <testcase classname="testCase.TC_001_AroundCognizant" name="verifyAcc" time="20.274"/>
  <system-out/>
  <testcase classname="testCase.TC_001_AroundCognizant" name="verifyAroundCognizant" time="5.593"/>
  <system-out/>
  <testcase classname="testCase.TC_001_AroundCognizant" name="verifyAroundCognizant" time="5.708"/>
  <system-out/>
  <testcase classname="testCase.TC_001_AroundCognizant" name="seeAll" time="12.792"/>
  <system-out/>
  <testcase classname="testCase.TC_001_AroundCognizant" name="seeAll" time="20.089"/>
  <system-out/>
  <testcase classname="testCase.TC_001_AroundCognizant" name="newsDetails" time="135.111"/>
  <system-out/>
  <testcase classname="testCase.TC_001_AroundCognizant" name="newsDetails" time="139.005"/>
  <system-out/>
</testsuite> <!-- testCase.TC_001_AroundCognizant -->
